c:\users\bharani krishna\documents\visual studio 2015\projects\codeanalyzer\analyzesinglefile\debug\vc140.pdb
c:\users\bharani krishna\documents\visual studio 2015\projects\codeanalyzer\analyzesinglefile\debug\vc140.idb
c:\users\bharani krishna\documents\visual studio 2015\projects\codeanalyzer\analyzesinglefile\debug\ast.obj
c:\users\bharani krishna\documents\visual studio 2015\projects\codeanalyzer\analyzesinglefile\debug\actionsandrules.obj
c:\users\bharani krishna\documents\visual studio 2015\projects\codeanalyzer\analyzesinglefile\debug\configureparser.obj
c:\users\bharani krishna\documents\visual studio 2015\projects\codeanalyzer\analyzesinglefile\debug\parser.obj
c:\users\bharani krishna\documents\visual studio 2015\projects\codeanalyzer\analyzesinglefile\debug\scopestack.obj
c:\users\bharani krishna\documents\visual studio 2015\projects\codeanalyzer\analyzesinglefile\debug\typetable.obj
c:\users\bharani krishna\documents\visual studio 2015\projects\codeanalyzer\analyzesinglefile\debug\semiexp.obj
c:\users\bharani krishna\documents\visual studio 2015\projects\codeanalyzer\analyzesinglefile\debug\filesystem.obj
c:\users\bharani krishna\documents\visual studio 2015\projects\codeanalyzer\analyzesinglefile\debug\tokenizer.obj
c:\users\bharani krishna\documents\visual studio 2015\projects\codeanalyzer\analyzesinglefile\debug\utilities.obj
c:\users\bharani krishna\documents\visual studio 2015\projects\codeanalyzer\analyzesinglefile\debug\analyzesinglefile.obj
c:\users\bharani krishna\documents\visual studio 2015\projects\codeanalyzer\debug\analyzesinglefile.ilk
c:\users\bharani krishna\documents\visual studio 2015\projects\codeanalyzer\debug\analyzesinglefile.exe
c:\users\bharani krishna\documents\visual studio 2015\projects\codeanalyzer\debug\analyzesinglefile.pdb
c:\users\bharani krishna\documents\visual studio 2015\projects\codeanalyzer\analyzesinglefile\debug\analyzes.9dc05c3e.tlog\cl.command.1.tlog
c:\users\bharani krishna\documents\visual studio 2015\projects\codeanalyzer\analyzesinglefile\debug\analyzes.9dc05c3e.tlog\cl.read.1.tlog
c:\users\bharani krishna\documents\visual studio 2015\projects\codeanalyzer\analyzesinglefile\debug\analyzes.9dc05c3e.tlog\cl.write.1.tlog
c:\users\bharani krishna\documents\visual studio 2015\projects\codeanalyzer\analyzesinglefile\debug\analyzes.9dc05c3e.tlog\link.command.1.tlog
c:\users\bharani krishna\documents\visual studio 2015\projects\codeanalyzer\analyzesinglefile\debug\analyzes.9dc05c3e.tlog\link.read.1.tlog
c:\users\bharani krishna\documents\visual studio 2015\projects\codeanalyzer\analyzesinglefile\debug\analyzes.9dc05c3e.tlog\link.write.1.tlog
