c:\users\bhara\documents\project3_356579351\analyzefile\debug\vc140.pdb
c:\users\bhara\documents\project3_356579351\analyzefile\debug\vc140.idb
c:\users\bhara\documents\project3_356579351\analyzefile\debug\ast.obj
c:\users\bhara\documents\project3_356579351\analyzefile\debug\filesystem.obj
c:\users\bhara\documents\project3_356579351\analyzefile\debug\gentypetable.obj
c:\users\bhara\documents\project3_356579351\analyzefile\debug\metrics.obj
c:\users\bhara\documents\project3_356579351\analyzefile\debug\actionsandrules.obj
c:\users\bhara\documents\project3_356579351\analyzefile\debug\configureparser.obj
c:\users\bhara\documents\project3_356579351\analyzefile\debug\parser.obj
c:\users\bhara\documents\project3_356579351\analyzefile\debug\semiexp.obj
c:\users\bhara\documents\project3_356579351\analyzefile\debug\tokenizer.obj
c:\users\bhara\documents\project3_356579351\analyzefile\debug\typetable.obj
c:\users\bhara\documents\project3_356579351\analyzefile\debug\utilities.obj
c:\users\bhara\documents\project3_356579351\analyzefile\debug\dependencyanalysis.obj
c:\users\bhara\documents\project3_356579351\debug\dependencyanalysis.ilk
c:\users\bhara\documents\project3_356579351\debug\dependencyanalysis.exe
c:\users\bhara\documents\project3_356579351\debug\dependencyanalysis.pdb
c:\users\bhara\documents\project3_356579351\analyzefile\debug\dependen.22e2b0ce.tlog\cl.command.1.tlog
c:\users\bhara\documents\project3_356579351\analyzefile\debug\dependen.22e2b0ce.tlog\cl.read.1.tlog
c:\users\bhara\documents\project3_356579351\analyzefile\debug\dependen.22e2b0ce.tlog\cl.write.1.tlog
c:\users\bhara\documents\project3_356579351\analyzefile\debug\dependen.22e2b0ce.tlog\link.command.1.tlog
c:\users\bhara\documents\project3_356579351\analyzefile\debug\dependen.22e2b0ce.tlog\link.read.1.tlog
c:\users\bhara\documents\project3_356579351\analyzefile\debug\dependen.22e2b0ce.tlog\link.write.1.tlog
