c:\users\bharani krishna\documents\visual studio 2015\projects\codeanalyzer\codeanalyzer\debug\vc140.pdb
c:\users\bharani krishna\documents\visual studio 2015\projects\codeanalyzer\codeanalyzer\debug\vc140.idb
c:\users\bharani krishna\documents\visual studio 2015\projects\codeanalyzer\codeanalyzer\debug\analyzesinglefile.obj
c:\users\bharani krishna\documents\visual studio 2015\projects\codeanalyzer\codeanalyzer\debug\ast.obj
c:\users\bharani krishna\documents\visual studio 2015\projects\codeanalyzer\codeanalyzer\debug\actionsandrules.obj
c:\users\bharani krishna\documents\visual studio 2015\projects\codeanalyzer\codeanalyzer\debug\configureparser.obj
c:\users\bharani krishna\documents\visual studio 2015\projects\codeanalyzer\codeanalyzer\debug\parser.obj
c:\users\bharani krishna\documents\visual studio 2015\projects\codeanalyzer\codeanalyzer\debug\scopestack.obj
c:\users\bharani krishna\documents\visual studio 2015\projects\codeanalyzer\codeanalyzer\debug\typetable.obj
c:\users\bharani krishna\documents\visual studio 2015\projects\codeanalyzer\codeanalyzer\debug\semiexp.obj
c:\users\bharani krishna\documents\visual studio 2015\projects\codeanalyzer\codeanalyzer\debug\datastore.obj
c:\users\bharani krishna\documents\visual studio 2015\projects\codeanalyzer\codeanalyzer\debug\filemgr.obj
c:\users\bharani krishna\documents\visual studio 2015\projects\codeanalyzer\codeanalyzer\debug\filesystem.obj
c:\users\bharani krishna\documents\visual studio 2015\projects\codeanalyzer\codeanalyzer\debug\concurrentqueue.obj
c:\users\bharani krishna\documents\visual studio 2015\projects\codeanalyzer\codeanalyzer\debug\threadpool.obj
c:\users\bharani krishna\documents\visual studio 2015\projects\codeanalyzer\codeanalyzer\debug\tokenizer.obj
c:\users\bharani krishna\documents\visual studio 2015\projects\codeanalyzer\codeanalyzer\debug\utilities.obj
c:\users\bharani krishna\documents\visual studio 2015\projects\codeanalyzer\codeanalyzer\debug\codeanalyzer.obj
c:\users\bharani krishna\documents\visual studio 2015\projects\codeanalyzer\debug\codeanalyzer.ilk
c:\users\bharani krishna\documents\visual studio 2015\projects\codeanalyzer\debug\codeanalyzer.exe
c:\users\bharani krishna\documents\visual studio 2015\projects\codeanalyzer\debug\codeanalyzer.pdb
c:\users\bharani krishna\documents\visual studio 2015\projects\codeanalyzer\codeanalyzer\debug\codeanalyzer.tlog\cl.command.1.tlog
c:\users\bharani krishna\documents\visual studio 2015\projects\codeanalyzer\codeanalyzer\debug\codeanalyzer.tlog\cl.read.1.tlog
c:\users\bharani krishna\documents\visual studio 2015\projects\codeanalyzer\codeanalyzer\debug\codeanalyzer.tlog\cl.write.1.tlog
c:\users\bharani krishna\documents\visual studio 2015\projects\codeanalyzer\codeanalyzer\debug\codeanalyzer.tlog\link.command.1.tlog
c:\users\bharani krishna\documents\visual studio 2015\projects\codeanalyzer\codeanalyzer\debug\codeanalyzer.tlog\link.read.1.tlog
c:\users\bharani krishna\documents\visual studio 2015\projects\codeanalyzer\codeanalyzer\debug\codeanalyzer.tlog\link.write.1.tlog
