c:\users\bhara\documents\project3_356579351\gettypetable\debug\vc140.pdb
c:\users\bhara\documents\project3_356579351\gettypetable\debug\vc140.idb
c:\users\bhara\documents\project3_356579351\gettypetable\debug\ast.obj
c:\users\bhara\documents\project3_356579351\gettypetable\debug\datastore.obj
c:\users\bhara\documents\project3_356579351\gettypetable\debug\filemgr.obj
c:\users\bhara\documents\project3_356579351\gettypetable\debug\filesystem.obj
c:\users\bhara\documents\project3_356579351\gettypetable\debug\metrics.obj
c:\users\bhara\documents\project3_356579351\gettypetable\debug\actionsandrules.obj
c:\users\bhara\documents\project3_356579351\gettypetable\debug\configureparser.obj
c:\users\bhara\documents\project3_356579351\gettypetable\debug\parser.obj
c:\users\bhara\documents\project3_356579351\gettypetable\debug\semiexp.obj
c:\users\bhara\documents\project3_356579351\gettypetable\debug\tokenizer.obj
c:\users\bhara\documents\project3_356579351\gettypetable\debug\typetable.obj
c:\users\bhara\documents\project3_356579351\gettypetable\debug\utilities.obj
c:\users\bhara\documents\project3_356579351\gettypetable\debug\gentypetable.obj
c:\users\bhara\documents\project3_356579351\debug\typeanalysis.ilk
c:\users\bhara\documents\project3_356579351\debug\typeanalysis.exe
c:\users\bhara\documents\project3_356579351\debug\typeanalysis.pdb
c:\users\bhara\documents\project3_356579351\gettypetable\debug\typeanalysis.tlog\cl.command.1.tlog
c:\users\bhara\documents\project3_356579351\gettypetable\debug\typeanalysis.tlog\cl.read.1.tlog
c:\users\bhara\documents\project3_356579351\gettypetable\debug\typeanalysis.tlog\cl.write.1.tlog
c:\users\bhara\documents\project3_356579351\gettypetable\debug\typeanalysis.tlog\link.command.1.tlog
c:\users\bhara\documents\project3_356579351\gettypetable\debug\typeanalysis.tlog\link.read.1.tlog
c:\users\bhara\documents\project3_356579351\gettypetable\debug\typeanalysis.tlog\link.write.1.tlog
