c:\users\bhara\documents\project3_356579351\parser\debug\vc140.pdb
c:\users\bhara\documents\project3_356579351\parser\debug\vc140.idb
c:\users\bhara\documents\project3_356579351\parser\debug\ast.obj
c:\users\bhara\documents\project3_356579351\parser\debug\filesystem.obj
c:\users\bhara\documents\project3_356579351\parser\debug\scopestack.obj
c:\users\bhara\documents\project3_356579351\parser\debug\semiexp.obj
c:\users\bhara\documents\project3_356579351\parser\debug\tokenizer.obj
c:\users\bhara\documents\project3_356579351\parser\debug\typetable.obj
c:\users\bhara\documents\project3_356579351\parser\debug\utilities.obj
c:\users\bhara\documents\project3_356579351\parser\debug\actionsandrules.obj
c:\users\bhara\documents\project3_356579351\parser\debug\configureparser.obj
c:\users\bhara\documents\project3_356579351\parser\debug\parser.obj
c:\users\bhara\documents\project3_356579351\debug\parser.ilk
c:\users\bhara\documents\project3_356579351\debug\parser.exe
c:\users\bhara\documents\project3_356579351\debug\parser.pdb
c:\users\bhara\documents\project3_356579351\parser\debug\parser.tlog\cl.command.1.tlog
c:\users\bhara\documents\project3_356579351\parser\debug\parser.tlog\cl.read.1.tlog
c:\users\bhara\documents\project3_356579351\parser\debug\parser.tlog\cl.write.1.tlog
c:\users\bhara\documents\project3_356579351\parser\debug\parser.tlog\link.command.1.tlog
c:\users\bhara\documents\project3_356579351\parser\debug\parser.tlog\link.read.1.tlog
c:\users\bhara\documents\project3_356579351\parser\debug\parser.tlog\link.write.1.tlog
