c:\users\bhara\documents\project3_356579351\metrics\debug\vc140.pdb
c:\users\bhara\documents\project3_356579351\metrics\debug\vc140.idb
c:\users\bhara\documents\project3_356579351\metrics\debug\ast.obj
c:\users\bhara\documents\project3_356579351\metrics\debug\filesystem.obj
c:\users\bhara\documents\project3_356579351\metrics\debug\actionsandrules.obj
c:\users\bhara\documents\project3_356579351\metrics\debug\configureparser.obj
c:\users\bhara\documents\project3_356579351\metrics\debug\parser.obj
c:\users\bhara\documents\project3_356579351\metrics\debug\semiexp.obj
c:\users\bhara\documents\project3_356579351\metrics\debug\tokenizer.obj
c:\users\bhara\documents\project3_356579351\metrics\debug\typetable.obj
c:\users\bhara\documents\project3_356579351\metrics\debug\utilities.obj
c:\users\bhara\documents\project3_356579351\metrics\debug\metrics.obj
c:\users\bhara\documents\project3_356579351\debug\metrics.ilk
c:\users\bhara\documents\project3_356579351\debug\metrics.exe
c:\users\bhara\documents\project3_356579351\debug\metrics.pdb
c:\users\bhara\documents\project3_356579351\metrics\debug\metrics.tlog\cl.command.1.tlog
c:\users\bhara\documents\project3_356579351\metrics\debug\metrics.tlog\cl.read.1.tlog
c:\users\bhara\documents\project3_356579351\metrics\debug\metrics.tlog\cl.write.1.tlog
c:\users\bhara\documents\project3_356579351\metrics\debug\metrics.tlog\link.command.1.tlog
c:\users\bhara\documents\project3_356579351\metrics\debug\metrics.tlog\link.read.1.tlog
c:\users\bhara\documents\project3_356579351\metrics\debug\metrics.tlog\link.write.1.tlog
