c:\users\bhara\documents\project3_356579351\paralleldependencyexcec\debug\vc140.pdb
c:\users\bhara\documents\project3_356579351\paralleldependencyexcec\debug\vc140.idb
c:\users\bhara\documents\project3_356579351\paralleldependencyexcec\debug\ast.obj
c:\users\bhara\documents\project3_356579351\paralleldependencyexcec\debug\dependencyanalysis.obj
c:\users\bhara\documents\project3_356579351\paralleldependencyexcec\debug\datastore.obj
c:\users\bhara\documents\project3_356579351\paralleldependencyexcec\debug\filemgr.obj
c:\users\bhara\documents\project3_356579351\paralleldependencyexcec\debug\filesystem.obj
c:\users\bhara\documents\project3_356579351\paralleldependencyexcec\debug\gentypetable.obj
c:\users\bhara\documents\project3_356579351\paralleldependencyexcec\debug\metrics.obj
c:\users\bhara\documents\project3_356579351\paralleldependencyexcec\debug\paralleldependencyanalysis.obj
c:\users\bhara\documents\project3_356579351\paralleldependencyexcec\debug\actionsandrules.obj
c:\users\bhara\documents\project3_356579351\paralleldependencyexcec\debug\configureparser.obj
c:\users\bhara\documents\project3_356579351\paralleldependencyexcec\debug\parser.obj
c:\users\bhara\documents\project3_356579351\paralleldependencyexcec\debug\semiexp.obj
c:\users\bhara\documents\project3_356579351\paralleldependencyexcec\debug\tokenizer.obj
c:\users\bhara\documents\project3_356579351\paralleldependencyexcec\debug\typetable.obj
c:\users\bhara\documents\project3_356579351\paralleldependencyexcec\debug\utilities.obj
c:\users\bhara\documents\project3_356579351\paralleldependencyexcec\debug\paralleldepepdencyexec.obj
c:\users\bhara\documents\project3_356579351\debug\paralleldependencyexcec.ilk
c:\users\bhara\documents\project3_356579351\debug\paralleldependencyexcec.exe
c:\users\bhara\documents\project3_356579351\debug\paralleldependencyexcec.pdb
c:\users\bhara\documents\project3_356579351\paralleldependencyexcec\debug\parallel.0109d69e.tlog\cl.command.1.tlog
c:\users\bhara\documents\project3_356579351\paralleldependencyexcec\debug\parallel.0109d69e.tlog\cl.read.1.tlog
c:\users\bhara\documents\project3_356579351\paralleldependencyexcec\debug\parallel.0109d69e.tlog\cl.write.1.tlog
c:\users\bhara\documents\project3_356579351\paralleldependencyexcec\debug\parallel.0109d69e.tlog\link.command.1.tlog
c:\users\bhara\documents\project3_356579351\paralleldependencyexcec\debug\parallel.0109d69e.tlog\link.read.1.tlog
c:\users\bhara\documents\project3_356579351\paralleldependencyexcec\debug\parallel.0109d69e.tlog\link.write.1.tlog
